<?xml version="1.0" encoding="utf-8"?><testsuites name="pytest tests"><testsuite name="pytest" errors="0" failures="0" skipped="0" tests="16" time="51.453" timestamp="2026-04-21T09:09:38.315959+00:00" hostname="agent-env-cb7ec5dc-8eeb-47b8-a960-79069f327fd6"><testcase classname="backend.tests.test_fase2_fase3_fase4.TestPaypalRegression" name="test_paypal_status_ok" time="5.973" /><testcase classname="backend.tests.test_fase2_fase3_fase4.TestPaypalRegression" name="test_paypal_sync_endpoint_accepts_body" time="0.048" /><testcase classname="backend.tests.test_fase2_fase3_fase4.TestPaypalRiconcilia" name="test_riconcilia_shape" time="2.456" /><testcase classname="backend.tests.test_fase2_fase3_fase4.TestPaypalRiconcilia" name="test_riconcilia_empty_body_ok" time="2.446" /><testcase classname="backend.tests.test_fase2_fase3_fase4.TestPaypalRicevutaPdf" name="test_ricevuta_pdf_404_per_tx_inesistente" time="0.163" /><testcase classname="backend.tests.test_fase2_fase3_fase4.TestPaypalRicevutaPdf" name="test_ricevuta_pdf_tx_reale" time="0.163" /><testcase classname="backend.tests.test_fase2_fase3_fase4.TestVerbaliCercaPagamento" name="test_cerca_pagamento_verbale_reale" time="1.871" /><testcase classname="backend.tests.test_fase2_fase3_fase4.TestVerbaliCercaPagamento" name="test_cerca_pagamento_verbale_inesistente" time="0.174" /><testcase classname="backend.tests.test_fase2_fase3_fase4.TestVerbaliRicevutaPdf" name="test_ricevuta_pdf_verbale_reale" time="0.161" /><testcase classname="backend.tests.test_fase2_fase3_fase4.TestVerbaliRicevutaPdf" name="test_ricevuta_pdf_404_se_inesistente" time="0.163" /><testcase classname="backend.tests.test_fase2_fase3_fase4.TestVerbaliScanGmail" name="test_scan_gmail_7_giorni" time="2.094" /><testcase classname="backend.tests.test_fase2_fase3_fase4.TestVerbaliScanGmail" name="test_scan_gmail_30_giorni" time="6.345" /><testcase classname="backend.tests.test_fase2_fase3_fase4.TestVerbaliRiconciliaCompleto" name="test_riconcilia_completo_pipeline" time="28.491" /><testcase classname="backend.tests.test_fase2_fase3_fase4.TestAlertVerbali" name="test_contatore_alert" time="0.309" /><testcase classname="backend.tests.test_fase2_fase3_fase4.TestAlertVerbali" name="test_scadenza_imminente_default" time="0.161" /><testcase classname="backend.tests.test_fase2_fase3_fase4.TestAlertVerbali" name="test_scadenza_imminente_giorni_custom" time="0.322" /></testsuite></testsuites>