<?xml version="1.0" encoding="utf-8"?><testsuites name="pytest tests"><testsuite name="pytest" errors="0" failures="0" skipped="0" tests="19" time="18.222" timestamp="2026-03-24T19:02:04.075346+00:00" hostname="agent-env-9b1dcc23-0c80-48cc-b70b-88166d6aca35"><testcase classname="backend.tests.test_iteration10_performance.TestHealth" name="test_health_check" time="6.419" /><testcase classname="backend.tests.test_iteration10_performance.TestPerformanceAlertLimiti" name="test_alert_limiti_response_time_under_3s" time="0.717" /><testcase classname="backend.tests.test_iteration10_performance.TestPerformanceAlertLimiti" name="test_alert_limiti_response_structure" time="0.696" /><testcase classname="backend.tests.test_iteration10_performance.TestPerformanceAlertLimiti" name="test_alert_limiti_alert_fields" time="0.721" /><testcase classname="backend.tests.test_iteration10_performance.TestPerformanceSaldoFerie" name="test_saldo_ferie_response_time_under_2s" time="1.062" /><testcase classname="backend.tests.test_iteration10_performance.TestPerformanceSaldoFerie" name="test_saldo_ferie_response_structure" time="0.704" /><testcase classname="backend.tests.test_iteration10_performance.TestPerformanceSaldoFerie" name="test_multiple_employees_saldo_ferie_performance" time="2.493" /><testcase classname="backend.tests.test_iteration10_performance.TestDipendentiDedup" name="test_no_duplicate_cf_in_list" time="0.339" /><testcase classname="backend.tests.test_iteration10_performance.TestDipendentiDedup" name="test_dipendenti_count_reasonable" time="0.227" /><testcase classname="backend.tests.test_iteration10_performance.TestDipendentiDedup" name="test_dipendenti_response_time" time="0.277" /><testcase classname="backend.tests.test_iteration10_performance.TestPrimaNotaBanca" name="test_prima_nota_banca_returns_data" time="0.450" /><testcase classname="backend.tests.test_iteration10_performance.TestPrimaNotaBanca" name="test_prima_nota_banca_2025" time="0.464" /><testcase classname="backend.tests.test_iteration10_performance.TestDashboardPerformance" name="test_dashboard_summary_fast" time="0.252" /><testcase classname="backend.tests.test_iteration10_performance.TestDashboardPerformance" name="test_alert_limiti_non_blocking" time="0.723" /><testcase classname="backend.tests.test_iteration10_performance.TestDashboardPerformance" name="test_concurrent_dashboard_requests" time="0.842" /><testcase classname="backend.tests.test_iteration10_performance.TestEstrattoConto" name="test_estratto_conto_movimenti_endpoint_works" time="0.472" /><testcase classname="backend.tests.test_iteration10_performance.TestEstrattoConto" name="test_estratto_conto_movimenti_direct" time="0.241" /><testcase classname="backend.tests.test_iteration10_performance.TestSaldoProgressivo" name="test_prima_nota_banca_response_with_saldo" time="0.506" /><testcase classname="backend.tests.test_iteration10_performance.TestCedoliniDedup" name="test_cedolini_no_duplicates_cf_mese_anno" time="0.457" /></testsuite></testsuites>