<?xml version="1.0" encoding="utf-8"?><testsuites name="pytest tests"><testsuite name="pytest" errors="0" failures="0" skipped="0" tests="18" time="6.457" timestamp="2026-02-24T20:30:48.621191+00:00" hostname="agent-env-e4b7a106-aa3c-4622-bb95-a096d4018faf"><testcase classname="tests.test_erp_api.TestHealthEndpoints" name="test_health_check" time="1.273" /><testcase classname="tests.test_erp_api.TestHealthEndpoints" name="test_ping_endpoint" time="0.252" /><testcase classname="tests.test_erp_api.TestHealthEndpoints" name="test_root_endpoint" time="0.323" /><testcase classname="tests.test_erp_api.TestSuppliersAPI" name="test_get_suppliers_list" time="0.736" /><testcase classname="tests.test_erp_api.TestSuppliersAPI" name="test_supplier_data_structure" time="0.159" /><testcase classname="tests.test_erp_api.TestEmployeesAPI" name="test_get_employees_list" time="0.249" /><testcase classname="tests.test_erp_api.TestEmployeesAPI" name="test_employee_data_structure" time="0.258" /><testcase classname="tests.test_erp_api.TestDashboardAPI" name="test_dashboard_stats" time="0.570" /><testcase classname="tests.test_erp_api.TestInvoicesAPI" name="test_get_invoices" time="0.132" /><testcase classname="tests.test_erp_api.TestInvoicesAPI" name="test_get_invoices_with_year" time="0.109" /><testcase classname="tests.test_erp_api.TestBankAPI" name="test_bank_reconciliation" time="0.118" /><testcase classname="tests.test_erp_api.TestF24API" name="test_f24_list" time="0.177" /><testcase classname="tests.test_erp_api.TestF24API" name="test_f24_with_year" time="0.112" /><testcase classname="tests.test_erp_api.TestCorrispettiviAPI" name="test_corrispettivi_list" time="0.298" /><testcase classname="tests.test_erp_api.TestNotificationsAPI" name="test_notifications_list" time="0.310" /><testcase classname="tests.test_erp_api.TestPrimaNotaAPI" name="test_prima_nota_cassa" time="0.363" /><testcase classname="tests.test_erp_api.TestCedoliniAPI" name="test_cedolini_list" time="0.766" /><testcase classname="tests.test_erp_api.TestAttendanceAPI" name="test_attendance_list" time="0.133" /></testsuite></testsuites>