<?xml version="1.0" encoding="utf-8"?><testsuites name="pytest tests"><testsuite name="pytest" errors="0" failures="0" skipped="0" tests="10" time="4.974" timestamp="2026-02-25T05:05:31.544821+00:00" hostname="agent-env-2ce38d32-1692-45c6-9f34-b6540574b95e"><testcase classname="backend.tests.test_iteration9_features.TestIteration9Backend" name="test_health_check" time="1.312" /><testcase classname="backend.tests.test_iteration9_features.TestIteration9Backend" name="test_cedolini_api_2026" time="0.439" /><testcase classname="backend.tests.test_iteration9_features.TestIteration9Backend" name="test_employees_api" time="0.326" /><testcase classname="backend.tests.test_iteration9_features.TestIteration9Backend" name="test_dipendenti_api" time="0.218" /><testcase classname="backend.tests.test_iteration9_features.TestIteration9Backend" name="test_giustificativi_delete_endpoint" time="0.223" /><testcase classname="backend.tests.test_iteration9_features.TestIteration9Backend" name="test_prima_nota_cassa_2026" time="0.448" /><testcase classname="backend.tests.test_iteration9_features.TestIteration9Backend" name="test_giustificativi_saldi_finali_tutti" time="1.466" /><testcase classname="backend.tests.test_iteration9_features.TestIteration9Backend" name="test_giustificativi_update_periodo_endpoint" time="0.218" /><testcase classname="backend.tests.test_iteration9_features.TestRouteRename" name="test_presenze_route_accessible" time="0.111" /><testcase classname="backend.tests.test_iteration9_features.TestRouteRename" name="test_attendance_api_still_works" time="0.114" /></testsuite></testsuites>