<?xml version="1.0" encoding="utf-8"?><testsuites name="pytest tests"><testsuite name="pytest" errors="0" failures="1" skipped="0" tests="40" time="17.837" timestamp="2026-04-03T06:33:33.830771+00:00" hostname="agent-env-986cc1f6-2ced-4995-916c-6582400a49e4"><testcase classname="backend.tests.test_iteration16_deep_audit.TestM1CucinaHappyAndDuplicate" name="test_m1_l1_create_tiramisu" time="0.218" /><testcase classname="backend.tests.test_iteration16_deep_audit.TestM1CucinaHappyAndDuplicate" name="test_m1_l1_verify_food_cost_math" time="0.212" /><testcase classname="backend.tests.test_iteration16_deep_audit.TestM1CucinaHappyAndDuplicate" name="test_m1_l1_verify_in_riepilogo" time="0.786" /><testcase classname="backend.tests.test_iteration16_deep_audit.TestM1CucinaHappyAndDuplicate" name="test_m1_l2_create_duplicate_tiramisu" time="0.215" /><testcase classname="backend.tests.test_iteration16_deep_audit.TestM1CucinaHappyAndDuplicate" name="test_m1_l2_count_duplicates_in_list" time="0.369" /><testcase classname="backend.tests.test_iteration16_deep_audit.TestM1CucinaBoundary" name="test_m1_l3_porzioni_zero" time="0.436" /><testcase classname="backend.tests.test_iteration16_deep_audit.TestM1CucinaBoundary" name="test_m1_l3_costo_negativo" time="0.673" /><testcase classname="backend.tests.test_iteration16_deep_audit.TestM1CucinaBoundary" name="test_m1_l3_zero_ingredienti" time="0.425" /><testcase classname="backend.tests.test_iteration16_deep_audit.TestM1CucinaBoundary" name="test_m1_l3_cleanup" time="0.845" /><testcase classname="backend.tests.test_iteration16_deep_audit.TestM1CucinaInversoAndCascade" name="test_m1_l4_setup_ricetta" time="0.234" /><testcase classname="backend.tests.test_iteration16_deep_audit.TestM1CucinaInversoAndCascade" name="test_m1_l4_update_prezzo_mascarpone" time="0.547" /><testcase classname="backend.tests.test_iteration16_deep_audit.TestM1CucinaInversoAndCascade" name="test_m1_l4_verify_updated_food_cost" time="0.224" /><testcase classname="backend.tests.test_iteration16_deep_audit.TestM1CucinaInversoAndCascade" name="test_m1_l4_delete_and_cascade" time="0.782" /><testcase classname="backend.tests.test_iteration16_deep_audit.TestM1CucinaInversoAndCascade" name="test_m1_l5_arancino_real_food_cost_500" time="0.209" /><testcase classname="backend.tests.test_iteration16_deep_audit.TestM1CucinaInversoAndCascade" name="test_m1_cleanup_test_qa_recipes" time="0.784" /><testcase classname="backend.tests.test_iteration16_deep_audit.TestM2LottiHappyAndDuplicate" name="test_m2_l1_create_lotto_farina" time="0.234" /><testcase classname="backend.tests.test_iteration16_deep_audit.TestM2LottiHappyAndDuplicate" name="test_m2_l1_verify_lotto" time="0.219" /><testcase classname="backend.tests.test_iteration16_deep_audit.TestM2LottiHappyAndDuplicate" name="test_m2_l2_create_duplicate_lotto" time="0.206" /><testcase classname="backend.tests.test_iteration16_deep_audit.TestM2LottiHappyAndDuplicate" name="test_m2_l2_count_duplicates" time="0.209" /><testcase classname="backend.tests.test_iteration16_deep_audit.TestM2LottiBoundary" name="test_m2_l3_quantita_zero" time="0.210" /><testcase classname="backend.tests.test_iteration16_deep_audit.TestM2LottiBoundary" name="test_m2_l3_quantita_negativa" time="0.218" /><testcase classname="backend.tests.test_iteration16_deep_audit.TestM2LottiBoundary" name="test_m2_l3_data_scadenza_passato" time="0.213" /><testcase classname="backend.tests.test_iteration16_deep_audit.TestM2LottiBoundary" name="test_m2_l3_data_scadenza_futuro_remoto" time="0.210" /><testcase classname="backend.tests.test_iteration16_deep_audit.TestM2LottiBoundary" name="test_m2_l3_cleanup" time="1.574" /><testcase classname="backend.tests.test_iteration16_deep_audit.TestM2LottiStateAndCascade" name="test_m2_l4_real_baba_lotto" time="0.208"><failure message="AssertionError: Expected 200, got 404: {&quot;error&quot;:&quot;HTTPException&quot;,&quot;message&quot;:&quot;Lotto non trovato&quot;,&quot;request_id&quot;:&quot;27e26df1&quot;}&#10;assert 404 == 200&#10; +  where 404 = &lt;Response [404]&gt;.status_code">backend/tests/test_iteration16_deep_audit.py:511: in test_m2_l4_real_baba_lotto
    assert r.status_code == 200, f"Expected 200, got {r.status_code}: {r.text}"
E   AssertionError: Expected 200, got 404: {"error":"HTTPException","message":"Lotto non trovato","request_id":"27e26df1"}
E   assert 404 == 200
E    +  where 404 = &lt;Response [404]&gt;.status_code</failure></testcase><testcase classname="backend.tests.test_iteration16_deep_audit.TestM2LottiStateAndCascade" name="test_m2_l4_attempt_delete_real_baba" time="0.256" /><testcase classname="backend.tests.test_iteration16_deep_audit.TestM2LottiStateAndCascade" name="test_m2_l5_cascade_count" time="1.079" /><testcase classname="backend.tests.test_iteration16_deep_audit.TestM3ContrattiDuplicate" name="test_m3_l1_create_contratto_vincenzo" time="0.445" /><testcase classname="backend.tests.test_iteration16_deep_audit.TestM3ContrattiDuplicate" name="test_m3_l1_verify_contratto_in_list" time="0.216" /><testcase classname="backend.tests.test_iteration16_deep_audit.TestM3ContrattiDuplicate" name="test_m3_l2_create_duplicate_contratto" time="0.430" /><testcase classname="backend.tests.test_iteration16_deep_audit.TestM3ContrattiDuplicate" name="test_m3_l2_verify_duplicate_list" time="0.228" /><testcase classname="backend.tests.test_iteration16_deep_audit.TestM3ContrattiBoundary" name="test_m3_l3_retribuzione_zero" time="0.441" /><testcase classname="backend.tests.test_iteration16_deep_audit.TestM3ContrattiBoundary" name="test_m3_l3_retribuzione_negativa" time="0.457" /><testcase classname="backend.tests.test_iteration16_deep_audit.TestM3ContrattiBoundary" name="test_m3_l3_data_fine_prima_inizio" time="0.440" /><testcase classname="backend.tests.test_iteration16_deep_audit.TestM3ContrattiBoundary" name="test_m3_l3_cleanup" time="0.357" /><testcase classname="backend.tests.test_iteration16_deep_audit.TestM3ContrattiStateAndCedolini" name="test_m3_l4_termina_contratto" time="0.886" /><testcase classname="backend.tests.test_iteration16_deep_audit.TestM3ContrattiStateAndCedolini" name="test_m3_l4_verify_stato_terminato" time="0.210" /><testcase classname="backend.tests.test_iteration16_deep_audit.TestM3ContrattiStateAndCedolini" name="test_m3_l4_modify_terminato_contratto" time="0.225" /><testcase classname="backend.tests.test_iteration16_deep_audit.TestM3ContrattiStateAndCedolini" name="test_m3_l5_cedolino_stima_math" time="0.440" /><testcase classname="backend.tests.test_iteration16_deep_audit.TestM3ContrattiStateAndCedolini" name="test_m3_l5_conferma_cedolino" time="0.993" /><testcase time="0.000" /></testsuite></testsuites>