<?xml version="1.0" encoding="utf-8"?><testsuites name="pytest tests"><testsuite name="pytest" errors="0" failures="0" skipped="0" tests="5" time="2.858" timestamp="2026-02-25T04:27:55.441029+00:00" hostname="agent-env-2ce38d32-1692-45c6-9f34-b6540574b95e"><testcase classname="tests.test_iteration7_bugs.TestVolumeAffariReale" name="test_volume_affari_reale_2026" time="0.607" /><testcase classname="tests.test_iteration7_bugs.TestBilancioIstantaneo" name="test_bilancio_istantaneo_2026" time="0.663" /><testcase classname="tests.test_iteration7_bugs.TestCespiti" name="test_cespiti_attivi_count" time="0.357" /><testcase classname="tests.test_iteration7_bugs.TestPianoDeiConti" name="test_piano_conti_bilancio" time="0.572" /><testcase classname="tests.test_iteration7_bugs.TestPianoContiList" name="test_piano_conti_list" time="0.571" /></testsuite></testsuites>