<?xml version="1.0" encoding="utf-8"?><testsuites name="pytest tests"><testsuite name="pytest" errors="0" failures="0" skipped="0" tests="7" time="5.130" timestamp="2026-02-25T04:45:38.293782+00:00" hostname="agent-env-2ce38d32-1692-45c6-9f34-b6540574b95e"><testcase classname="backend.tests.test_iteration8_fixes.TestVolumeAffariReale" name="test_volume_affari_fatturato_equals_corrispettivi" time="1.500" /><testcase classname="backend.tests.test_iteration8_fixes.TestVolumeAffariReale" name="test_volume_affari_has_all_fields" time="0.343" /><testcase classname="backend.tests.test_iteration8_fixes.TestPrimaNotaCassa" name="test_cassa_returns_movimenti_for_2026" time="0.459" /><testcase classname="backend.tests.test_iteration8_fixes.TestPrimaNotaCassa" name="test_cassa_has_saldo_fields" time="0.441" /><testcase classname="backend.tests.test_iteration8_fixes.TestPrimaNotaBanca" name="test_banca_returns_movimenti_for_2026" time="0.670" /><testcase classname="backend.tests.test_iteration8_fixes.TestDipendenti" name="test_employees_returns_dipendenti" time="0.334" /><testcase classname="backend.tests.test_iteration8_fixes.TestAutoRefreshDisabled" name="test_no_rapid_repeated_calls" time="1.283" /></testsuite></testsuites>