<?xml version="1.0" encoding="utf-8"?><testsuites name="pytest tests"><testsuite name="pytest" errors="0" failures="0" skipped="0" tests="22" time="9.830" timestamp="2026-03-31T17:31:08.581958+00:00" hostname="agent-env-9b1dcc23-0c80-48cc-b70b-88166d6aca35"><testcase classname="backend.tests.test_iteration11_fixes.TestHealth" name="test_health_check" time="0.290" /><testcase classname="backend.tests.test_iteration11_fixes.TestPrimaNotaCassa" name="test_prima_nota_cassa_2025_returns_data" time="0.759" /><testcase classname="backend.tests.test_iteration11_fixes.TestPrimaNotaCassa" name="test_prima_nota_cassa_2026_returns_data" time="0.457" /><testcase classname="backend.tests.test_iteration11_fixes.TestPrimaNotaCassa" name="test_prima_nota_cassa_2025_saldo_positivo" time="0.472" /><testcase classname="backend.tests.test_iteration11_fixes.TestPrimaNotaBanca" name="test_prima_nota_banca_2026_100_plus_movimenti" time="0.726" /><testcase classname="backend.tests.test_iteration11_fixes.TestPrimaNotaBanca" name="test_prima_nota_banca_2025_returns_data" time="0.476" /><testcase classname="backend.tests.test_iteration11_fixes.TestPrimaNotaSalari" name="test_prima_nota_salari_2025_fix_anno_field" time="0.461" /><testcase classname="backend.tests.test_iteration11_fixes.TestPrimaNotaSalari" name="test_prima_nota_salari_2024_returns_data" time="0.476" /><testcase classname="backend.tests.test_iteration11_fixes.TestPrimaNotaSalari" name="test_prima_nota_salari_anno_field_filter" time="0.414" /><testcase classname="backend.tests.test_iteration11_fixes.TestFornitori" name="test_fornitori_200_records" time="0.466" /><testcase classname="backend.tests.test_iteration11_fixes.TestFornitori" name="test_fornitori_structure" time="0.130" /><testcase classname="backend.tests.test_iteration11_fixes.TestFatture" name="test_invoices_returns_data" time="0.248" /><testcase classname="backend.tests.test_iteration11_fixes.TestFatture" name="test_invoices_2026_filter" time="0.225" /><testcase classname="backend.tests.test_iteration11_fixes.TestFatture" name="test_invoices_total_count" time="0.508" /><testcase classname="backend.tests.test_iteration11_fixes.TestDipendenti" name="test_dipendenti_34_records" time="0.235" /><testcase classname="backend.tests.test_iteration11_fixes.TestDipendenti" name="test_dipendenti_no_cf_duplicates" time="0.315" /><testcase classname="backend.tests.test_iteration11_fixes.TestCedolini" name="test_cedolini_2026_fix_anno_int_string" time="0.448" /><testcase classname="backend.tests.test_iteration11_fixes.TestCedolini" name="test_cedolini_2025_returns_253_plus" time="0.612" /><testcase classname="backend.tests.test_iteration11_fixes.TestCedolini" name="test_cedolini_2026_no_cf_mese_anno_duplicates" time="0.476" /><testcase classname="backend.tests.test_iteration11_fixes.TestDashboardBilancio" name="test_dashboard_bilancio_2026_ricavi_costi" time="0.679" /><testcase classname="backend.tests.test_iteration11_fixes.TestDashboardBilancio" name="test_dashboard_bilancio_2025_ricavi" time="0.690" /><testcase classname="backend.tests.test_iteration11_fixes.TestDashboardBilancio" name="test_dashboard_summary_2026" time="0.155" /></testsuite></testsuites>