<?xml version="1.0" encoding="utf-8"?><testsuites name="pytest tests"><testsuite name="pytest" errors="0" failures="0" skipped="2" tests="42" time="14.198" timestamp="2026-04-03T06:14:16.793878+00:00" hostname="agent-env-986cc1f6-2ced-4995-916c-6582400a49e4"><testcase classname="backend.tests.test_iteration15_business_flows.TestFlow1FoodCost" name="test_f1_01_create_ricetta" time="0.355" /><testcase classname="backend.tests.test_iteration15_business_flows.TestFlow1FoodCost" name="test_f1_02_calcola_food_cost_math" time="0.220" /><testcase classname="backend.tests.test_iteration15_business_flows.TestFlow1FoodCost" name="test_f1_03_riepilogo_contains_ricetta" time="0.781" /><testcase classname="backend.tests.test_iteration15_business_flows.TestFlow1FoodCost" name="test_f1_04_get_ricetta_persisted" time="0.217" /><testcase classname="backend.tests.test_iteration15_business_flows.TestFlow1FoodCost" name="test_f1_05_cleanup_delete_ricetta" time="0.443" /><testcase classname="backend.tests.test_iteration15_business_flows.TestFlow2Lotti" name="test_f2_01_create_lotto" time="0.209" /><testcase classname="backend.tests.test_iteration15_business_flows.TestFlow2Lotti" name="test_f2_02_list_contains_lotto" time="0.350" /><testcase classname="backend.tests.test_iteration15_business_flows.TestFlow2Lotti" name="test_f2_03_get_single_lotto" time="0.211" /><testcase classname="backend.tests.test_iteration15_business_flows.TestFlow2Lotti" name="test_f2_04_cleanup_delete_lotto" time="0.439" /><testcase classname="backend.tests.test_iteration15_business_flows.TestFlow3Contratti" name="test_f3_01_get_real_dipendente" time="0.222" /><testcase classname="backend.tests.test_iteration15_business_flows.TestFlow3Contratti" name="test_f3_02_create_contratto" time="0.482" /><testcase classname="backend.tests.test_iteration15_business_flows.TestFlow3Contratti" name="test_f3_03_list_contratti_for_dipendente" time="0.213" /><testcase classname="backend.tests.test_iteration15_business_flows.TestFlow3Contratti" name="test_f3_04_update_contratto" time="0.250" /><testcase classname="backend.tests.test_iteration15_business_flows.TestFlow3Contratti" name="test_f3_05_verify_update_persisted" time="0.238" /><testcase classname="backend.tests.test_iteration15_business_flows.TestFlow3Contratti" name="test_f3_06_termina_contratto" time="0.463" /><testcase classname="backend.tests.test_iteration15_business_flows.TestFlow3Contratti" name="test_f3_07_verify_stato_terminato" time="0.237" /><testcase classname="backend.tests.test_iteration15_business_flows.TestFlow4Cedolini" name="test_f4_01_get_dipendente_for_stima" time="0.233" /><testcase classname="backend.tests.test_iteration15_business_flows.TestFlow4Cedolini" name="test_f4_02_cedolino_stima" time="0.467" /><testcase classname="backend.tests.test_iteration15_business_flows.TestFlow4Cedolini" name="test_f4_03_math_lordo_netto_ritenute" time="0.000" /><testcase classname="backend.tests.test_iteration15_business_flows.TestFlow4Cedolini" name="test_f4_04_cedolini_dipendente_endpoint" time="1.349" /><testcase classname="backend.tests.test_iteration15_business_flows.TestFlow5PrimaNotaCassa" name="test_f5_01_get_saldo_before" time="0.579" /><testcase classname="backend.tests.test_iteration15_business_flows.TestFlow5PrimaNotaCassa" name="test_f5_02_create_prima_nota_cassa" time="0.215" /><testcase classname="backend.tests.test_iteration15_business_flows.TestFlow5PrimaNotaCassa" name="test_f5_03_verify_movimento_in_list" time="0.723" /><testcase classname="backend.tests.test_iteration15_business_flows.TestFlow5PrimaNotaCassa" name="test_f5_04_verify_balance_updated" time="0.454" /><testcase classname="backend.tests.test_iteration15_business_flows.TestFlow5PrimaNotaCassa" name="test_f5_05_cleanup_delete_movimento" time="0.331" /><testcase classname="backend.tests.test_iteration15_business_flows.TestFlow6OrdiniFornitori" name="test_f6_01_get_bozze_count_before" time="0.216" /><testcase classname="backend.tests.test_iteration15_business_flows.TestFlow6OrdiniFornitori" name="test_f6_02_create_ordine_fornitore" time="0.335" /><testcase classname="backend.tests.test_iteration15_business_flows.TestFlow6OrdiniFornitori" name="test_f6_03_verify_in_bozze_list" time="0.247" /><testcase classname="backend.tests.test_iteration15_business_flows.TestFlow6OrdiniFornitori" name="test_f6_04_verify_bozze_counter_incremented" time="0.220" /><testcase classname="backend.tests.test_iteration15_business_flows.TestFlow6OrdiniFornitori" name="test_f6_05_verify_required_fields" time="0.213" /><testcase classname="backend.tests.test_iteration15_business_flows.TestFlow7RiconciliazioneBonifici" name="test_f7_01_get_transfers" time="0.218" /><testcase classname="backend.tests.test_iteration15_business_flows.TestFlow7RiconciliazioneBonifici" name="test_f7_02_get_fatture_archivio" time="0.331" /><testcase classname="backend.tests.test_iteration15_business_flows.TestFlow7RiconciliazioneBonifici" name="test_f7_03_associate_bonifico_fattura" time="0.099"><skipped type="pytest.skip" message="Association failed — collections mismatch (archivio_bonifici vs bonifici_transfers)">/app/backend/tests/test_iteration15_business_flows.py:587: Association failed — collections mismatch (archivio_bonifici vs bonifici_transfers)</skipped></testcase><testcase classname="backend.tests.test_iteration15_business_flows.TestFlow7RiconciliazioneBonifici" name="test_f7_04_cleanup_disassocia" time="0.000"><skipped type="pytest.skip" message="No association to clean up">/app/backend/tests/test_iteration15_business_flows.py:600: No association to clean up</skipped></testcase><testcase classname="backend.tests.test_iteration15_business_flows.TestBaseEndpoints" name="test_health_dipendenti" time="0.209" /><testcase classname="backend.tests.test_iteration15_business_flows.TestBaseEndpoints" name="test_health_cucina_ricette" time="0.377" /><testcase classname="backend.tests.test_iteration15_business_flows.TestBaseEndpoints" name="test_health_food_cost_riepilogo" time="0.338" /><testcase classname="backend.tests.test_iteration15_business_flows.TestBaseEndpoints" name="test_health_tr_lotti" time="0.204" /><testcase classname="backend.tests.test_iteration15_business_flows.TestBaseEndpoints" name="test_health_prima_nota_cassa" time="0.467" /><testcase classname="backend.tests.test_iteration15_business_flows.TestBaseEndpoints" name="test_health_ordini_fornitori_bozze_count" time="0.219" /><testcase classname="backend.tests.test_iteration15_business_flows.TestBaseEndpoints" name="test_health_archivio_bonifici_transfers" time="0.217" /><testcase classname="backend.tests.test_iteration15_business_flows.TestBaseEndpoints" name="test_health_cedolini" time="0.446" /></testsuite></testsuites>