<?xml version="1.0" encoding="utf-8"?><testsuites name="pytest tests"><testsuite name="pytest" errors="0" failures="0" skipped="0" tests="21" time="3.485" timestamp="2026-04-03T07:39:03.286283+00:00" hostname="agent-env-986cc1f6-2ced-4995-916c-6582400a49e4"><testcase classname="backend.tests.test_iteration17_portal.TestHealth" name="test_health_endpoint" time="0.243" /><testcase classname="backend.tests.test_iteration17_portal.TestHealth" name="test_ping_endpoint" time="0.103" /><testcase classname="backend.tests.test_iteration17_portal.TestPortalCollegaGoogle" name="test_collega_google_senza_payload" time="0.115" /><testcase classname="backend.tests.test_iteration17_portal.TestPortalCollegaGoogle" name="test_collega_google_solo_email" time="0.101" /><testcase classname="backend.tests.test_iteration17_portal.TestPortalCollegaGoogle" name="test_collega_google_codice_invalido" time="0.207" /><testcase classname="backend.tests.test_iteration17_portal.TestPortalGeneraInvito" name="test_genera_invito_dipendente_inesistente" time="0.214" /><testcase classname="backend.tests.test_iteration17_portal.TestPortalGeneraInvito" name="test_genera_invito_id_vuoto_path" time="0.230" /><testcase classname="backend.tests.test_iteration17_portal.TestPortalPortaleAuth" name="test_cedolini_senza_auth" time="0.210" /><testcase classname="backend.tests.test_iteration17_portal.TestPortalPortaleAuth" name="test_contratti_senza_auth" time="0.220" /><testcase classname="backend.tests.test_iteration17_portal.TestPortalPortaleAuth" name="test_firma_senza_auth_restituisce_401_o_403" time="0.330" /><testcase classname="backend.tests.test_iteration17_portal.TestPortalFirmaValidazione" name="test_firma_canvas_vuota_restituisce_non_500" time="0.106" /><testcase classname="backend.tests.test_iteration17_portal.TestPortalFirmaValidazione" name="test_firma_checkboxes_false_restituisce_non_500" time="0.101" /><testcase classname="backend.tests.test_iteration17_portal.TestPortalFirmaValidazione" name="test_firma_payload_vuoto_restituisce_non_500" time="0.106" /><testcase classname="backend.tests.test_iteration17_portal.TestPortalFirmaValidazione" name="test_firma_tempo_lettura_insufficiente_non_500" time="0.107" /><testcase classname="backend.tests.test_iteration17_portal.TestPortalStubRimossi" name="test_login_password_rimosso" time="0.105" /><testcase classname="backend.tests.test_iteration17_portal.TestPortalStubRimossi" name="test_forgot_password_rimosso" time="0.122" /><testcase classname="backend.tests.test_iteration17_portal.TestPortalStubRimossi" name="test_reset_password_rimosso" time="0.115" /><testcase classname="backend.tests.test_iteration17_portal.TestPortalStubRimossi" name="test_register_from_invite_rimosso" time="0.112" /><testcase classname="backend.tests.test_iteration17_portal.TestPortalStubRimossi" name="test_send_invites_rimosso" time="0.111" /><testcase classname="backend.tests.test_iteration17_portal.TestCucinaDeleteButtons" name="test_delete_ricetta_inesistente" time="0.210" /><testcase classname="backend.tests.test_iteration17_portal.TestCucinaDeleteButtons" name="test_delete_prodotto_vendita_inesistente" time="0.214" /></testsuite></testsuites>